[2018-02-12 19:45:11.012] [INFO] out - listening  3000 port...
[2018-02-12 19:48:44.990] [INFO] out - https://api.weixin.qq.com/cgi-bin/token?grant_type=client_credential&appid=wx8e9baa3c60026a31&secret=3b46c31f3e4f1b16f2cdcfa5e1998d14
[2018-02-12 19:48:45.454] [INFO] out - 200
[2018-02-12 19:48:45.461] [INFO] out - { host: 'api.weixin.qq.com',
  port: 443,
  path: '/cgi-bin/qrcode/create?access_token=6_6c9Oy7ZVK89zX0jOtOjNkm_uRc02EHst3E7-nd96q6eYkW4tIavK-XyWFwIROL_zPfWuf7bCeKOiKZngKiYrWDlL1YVKDAtKyjm0K2RUEeOzVpsfsJUf392kwxcBFXjAEAOSK',
  method: 'POST',
  headers: { 'Content-type': 'application/json', 'Content-Length': 48 } }
[2018-02-12 19:48:45.574] [INFO] out - 200
[2018-02-12 19:48:45.576] [INFO] out - {"ticket":"gQHE7zwAAAAAAAAAAS5odHRwOi8vd2VpeGluLnFxLmNvbS9xLzAyUk11TXh5cy1jYWoxRUFyMU5xMWEAAgQEf4FaAwQgHAAA","expire_seconds":7200,"url":"http:\/\/weixin.qq.com\/q\/02RMuMxys-caj1EAr1Nq1a"}
[2018-02-12 19:48:58.092] [INFO] out - https://api.weixin.qq.com/cgi-bin/token?grant_type=client_credential&appid=wx8e9baa3c60026a31&secret=3b46c31f3e4f1b16f2cdcfa5e1998d14
[2018-02-12 19:48:58.314] [INFO] out - 200
[2018-02-12 19:48:58.315] [INFO] out - { host: 'api.weixin.qq.com',
  port: 443,
  path: '/cgi-bin/qrcode/create?access_token=6_Z-93DTtRUXKz0YfytOjNkm_uRc02EHst3E7-nd96q6eYkW4tIavK-XyWFwJfUCPp4aYtFWC3tcaOqscnGYptn3qBwwyyhxdGLTvNIjaqV0zFy_zvx1zu9YG5jikHNWjAEARXG',
  method: 'POST',
  headers: { 'Content-type': 'application/json', 'Content-Length': 48 } }
[2018-02-12 19:48:58.409] [INFO] out - 200
[2018-02-12 19:48:58.409] [INFO] out - {"ticket":"gQEv7zwAAAAAAAAAAS5odHRwOi8vd2VpeGluLnFxLmNvbS9xLzAyWHh6bHd0cy1jYWoxRU5yMWhxMXMAAgQRf4FaAwQgHAAA","expire_seconds":7200,"url":"http:\/\/weixin.qq.com\/q\/02Xxzlwts-caj1ENr1hq1s"}
[2018-02-12 19:49:00.088] [INFO] out - https://api.weixin.qq.com/cgi-bin/token?grant_type=client_credential&appid=wx8e9baa3c60026a31&secret=3b46c31f3e4f1b16f2cdcfa5e1998d14
[2018-02-12 19:49:00.159] [INFO] out - 200
[2018-02-12 19:49:00.160] [INFO] out - { host: 'api.weixin.qq.com',
  port: 443,
  path: '/cgi-bin/qrcode/create?access_token=6_NUUMQ_0SqhHQvfKTtOjNkm_uRc02EHst3E7-nd96q6eYkW4tIavK-XyWFwLz4U8Vf5Ct7-bGj2OTkiYs5xbcBMrZn4LAtwkD6ZHbKig405TsoBJj5_kacSbQ0doEOLjAEARBY',
  method: 'POST',
  headers: { 'Content-type': 'application/json', 'Content-Length': 48 } }
[2018-02-12 19:49:00.232] [INFO] out - 200
[2018-02-12 19:49:00.232] [INFO] out - {"ticket":"gQG37zwAAAAAAAAAAS5odHRwOi8vd2VpeGluLnFxLmNvbS9xLzAyZHJrOXdEcy1jYWoxRVByMXhxMUMAAgQTf4FaAwQgHAAA","expire_seconds":7200,"url":"http:\/\/weixin.qq.com\/q\/02drk9wDs-caj1EPr1xq1C"}
[2018-02-12 19:49:01.223] [INFO] out - https://api.weixin.qq.com/cgi-bin/token?grant_type=client_credential&appid=wx8e9baa3c60026a31&secret=3b46c31f3e4f1b16f2cdcfa5e1998d14
[2018-02-12 19:49:01.290] [INFO] out - 200
[2018-02-12 19:49:01.291] [INFO] out - { host: 'api.weixin.qq.com',
  port: 443,
  path: '/cgi-bin/qrcode/create?access_token=6_xWDlG2klw0O-r1irtOjNkm_uRc02EHst3E7-nd96q6eYkW4tIavK-XyWFwLFyCC-xkQXSKZ66q8NEl97v_H0sRFmlqujpy82E5CtjYW_ImjfS_D4gNlC5JJxt50DIQjAEATYG',
  method: 'POST',
  headers: { 'Content-type': 'application/json', 'Content-Length': 48 } }
[2018-02-12 19:49:01.417] [INFO] out - 200
[2018-02-12 19:49:01.417] [INFO] out - {"ticket":"gQHq7zwAAAAAAAAAAS5odHRwOi8vd2VpeGluLnFxLmNvbS9xLzAyVGc2RXd1cy1jYWoxRVFyMU5xMUsAAgQUf4FaAwQgHAAA","expire_seconds":7200,"url":"http:\/\/weixin.qq.com\/q\/02Tg6Ewus-caj1EQr1Nq1K"}
[2018-02-12 19:49:46.536] [INFO] out - https://api.weixin.qq.com/cgi-bin/token?grant_type=client_credential&appid=wx8e9baa3c60026a31&secret=3b46c31f3e4f1b16f2cdcfa5e1998d14
[2018-02-12 19:49:46.641] [INFO] out - 200
[2018-02-12 19:49:46.642] [INFO] out - { host: 'api.weixin.qq.com',
  port: 443,
  path: '/cgi-bin/qrcode/create?access_token=6_JCZxWHS64pQHtSbJ37MfgdIqpwjfTqplcdf1EHl3b0fDr6nZ9aqUFUBroJCwnpqqwJOkL2eJ9AILwDud1HeoRQQC3g4lEpKGXvFs6UASqqG44iRSFH64g8O4g0IRdwuOWSTpQAt7ylJMLA_nUCOdAIAQYK',
  method: 'POST',
  headers: { 'Content-type': 'application/json', 'Content-Length': 48 } }
[2018-02-12 19:49:46.760] [INFO] out - 200
[2018-02-12 19:49:46.761] [INFO] out - {"ticket":"gQF07zwAAAAAAAAAAS5odHRwOi8vd2VpeGluLnFxLmNvbS9xLzAyNzBkX3d4cy1jYWoxRnhyMXhxMUsAAgRBf4FaAwQgHAAA","expire_seconds":7200,"url":"http:\/\/weixin.qq.com\/q\/0270d_wxs-caj1Fxr1xq1K"}
[2018-02-12 19:51:21.238] [INFO] out - https://api.weixin.qq.com/cgi-bin/token?grant_type=client_credential&appid=wx8e9baa3c60026a31&secret=3b46c31f3e4f1b16f2cdcfa5e1998d14
[2018-02-12 19:51:21.338] [INFO] out - 200
[2018-02-12 19:51:21.339] [INFO] out - { host: 'api.weixin.qq.com',
  port: 443,
  path: '/cgi-bin/qrcode/create?access_token=6_lRdGaWKkIc56gjpEFeunn_5TPQTFLic8XZsj9WS95HXjhR0V0reItdf3jg5fBlpmhcvPR0-89Rcb4sZ0eCnxVlda1RPXwYmOfvcZOwrLvkK4PM-pT0rHB2hqHdrhNHmhVD_oIzCj2ZO7ArndRTYcAIACEJ',
  method: 'POST',
  headers: { 'Content-type': 'application/json', 'Content-Length': 48 } }
[2018-02-12 19:51:21.445] [INFO] out - 200
[2018-02-12 19:51:21.445] [INFO] out - {"ticket":"gQF08DwAAAAAAAAAAS5odHRwOi8vd2VpeGluLnFxLmNvbS9xLzAyNVpITnh2cy1jYWoxSDByMU5xMWIAAgSgf4FaAwQgHAAA","expire_seconds":7200,"url":"http:\/\/weixin.qq.com\/q\/025ZHNxvs-caj1H0r1Nq1b"}
[2018-02-12 20:05:46.962] [INFO] out - https://api.weixin.qq.com/cgi-bin/token?grant_type=client_credential&appid=wx8e9baa3c60026a31&secret=3b46c31f3e4f1b16f2cdcfa5e1998d14
[2018-02-12 20:05:47.050] [INFO] out - 200
[2018-02-12 20:05:47.051] [INFO] out - { host: 'api.weixin.qq.com',
  port: 443,
  path: '/cgi-bin/qrcode/create?access_token=6_bcZNjj86CoTPHZYJ3B3TWDpIpX1wb2DUKs51ST1fyYKvRaY4Fb3u8t_-O1_CjKsXRzc6VmZS6rdapaWqPqtaZI7p_RDGF0P5uoGbX0J9TmhJ4-jIiqpV3FGgGmBkzoZndKIZzNkf4fIZvzDZDZJgABAVRB',
  method: 'POST',
  headers: { 'Content-type': 'application/json', 'Content-Length': 48 } }
[2018-02-12 20:05:47.150] [INFO] out - 200
[2018-02-12 20:05:47.151] [INFO] out - {"ticket":"gQHS8DwAAAAAAAAAAS5odHRwOi8vd2VpeGluLnFxLmNvbS9xLzAyTG85NXdvcy1jYWoxRXl2MTFxMXUAAgQCg4FaAwQgHAAA","expire_seconds":7200,"url":"http:\/\/weixin.qq.com\/q\/02Lo95wos-caj1Eyv11q1u"}
